<?xml version="1.0" encoding="UTF-8"?>
<!-- Generated by org.testng.reporters.JUnitReportReporter -->
<testsuite hostname="OLD-TRAFFORD" failures="0" tests="3" name="com.tect.vaccinefinder.Test.VaccineFinderTest" time="66.542" errors="0" timestamp="2024-02-02T15:29:29 IST" skipped="0">
  <testcase classname="com.tect.vaccinefinder.Test.VaccineFinderTest" name="SearchOperation" time="10.180"/>
  <testcase classname="com.tect.vaccinefinder.Test.VaccineFinderTest" name="Validatebuttons" time="20.372"/>
  <testcase classname="com.tect.vaccinefinder.Test.VaccineFinderTest" name="ValidateLinks" time="35.990"/>
</testsuite> <!-- com.tect.vaccinefinder.Test.VaccineFinderTest -->
